0 info it worked if it ends with ok
1 verbose cli [ '/usr/local/bin/node', '/usr/local/bin/npm', 'install', 'fs' ]
2 info using npm@2.15.9
3 info using node@v4.6.0
4 verbose install initial load of /Users/sxleal/Desktop/Bootcamp/W10_100316/Homework/week-10-liriApp/package.json
5 verbose installManyTop reading scoped package data from /Users/sxleal/Desktop/Bootcamp/W10_100316/Homework/week-10-liriApp/node_modules/request/package.json
6 verbose installManyTop reading scoped package data from /Users/sxleal/Desktop/Bootcamp/W10_100316/Homework/week-10-liriApp/node_modules/twitter/package.json
7 verbose readDependencies loading dependencies from /Users/sxleal/Desktop/Bootcamp/W10_100316/Homework/week-10-liriApp/package.json
8 silly cache add args [ 'fs', null ]
9 verbose cache add spec fs
10 silly cache add parsed spec Result {
10 silly cache add   raw: 'fs',
10 silly cache add   scope: null,
10 silly cache add   name: 'fs',
10 silly cache add   rawSpec: '',
10 silly cache add   spec: 'latest',
10 silly cache add   type: 'tag' }
11 silly addNamed fs@latest
12 verbose addNamed "latest" is being treated as a dist-tag for fs
13 info addNameTag [ 'fs', 'latest' ]
14 silly mapToRegistry name fs
15 silly mapToRegistry using default registry
16 silly mapToRegistry registry https://registry.npmjs.org/
17 silly mapToRegistry data Result {
17 silly mapToRegistry   raw: 'fs',
17 silly mapToRegistry   scope: null,
17 silly mapToRegistry   name: 'fs',
17 silly mapToRegistry   rawSpec: '',
17 silly mapToRegistry   spec: 'latest',
17 silly mapToRegistry   type: 'tag' }
18 silly mapToRegistry uri https://registry.npmjs.org/fs
19 verbose addNameTag registry:https://registry.npmjs.org/fs not in flight; fetching
20 verbose request uri https://registry.npmjs.org/fs
21 verbose request no auth needed
22 info attempt registry request try #1 at 12:26:45 PM
23 verbose request id e2a6b5f050c5662e
24 http request GET https://registry.npmjs.org/fs
25 info retry will retry, error on last attempt: Error: getaddrinfo ENOTFOUND registry.npmjs.org registry.npmjs.org:443
26 info attempt registry request try #2 at 12:26:55 PM
27 http request GET https://registry.npmjs.org/fs
28 info retry will retry, error on last attempt: Error: getaddrinfo ENOTFOUND registry.npmjs.org registry.npmjs.org:443
29 info attempt registry request try #3 at 12:27:55 PM
30 http request GET https://registry.npmjs.org/fs
31 verbose stack Error: getaddrinfo ENOTFOUND registry.npmjs.org registry.npmjs.org:443
31 verbose stack     at errnoException (dns.js:27:10)
31 verbose stack     at GetAddrInfoReqWrap.onlookup [as oncomplete] (dns.js:78:26)
32 verbose cwd /Users/sxleal/Desktop/Bootcamp/W10_100316/Homework/week-10-liriApp
33 error Darwin 16.0.0
34 error argv "/usr/local/bin/node" "/usr/local/bin/npm" "install" "fs"
35 error node v4.6.0
36 error npm  v2.15.9
37 error code ENOTFOUND
38 error errno ENOTFOUND
39 error syscall getaddrinfo
40 error network getaddrinfo ENOTFOUND registry.npmjs.org registry.npmjs.org:443
40 error network This is most likely not a problem with npm itself
40 error network and is related to network connectivity.
40 error network In most cases you are behind a proxy or have bad network settings.
40 error network
40 error network If you are behind a proxy, please make sure that the
40 error network 'proxy' config is set properly.  See: 'npm help config'
41 verbose exit [ 1, true ]
